[INFO  - 2017-08-29T07:03:34.589Z] GhostDriver - Main - running on port 5654
[INFO  - 2017-08-29T07:03:34.954Z] Session [2c94ce40-8c88-11e7-8e8d-658508cca2bd] - page.settings - {"XSSAuditingEnabled":false,"javascriptCanCloseWindows":true,"javascriptCanOpenWindows":true,"javascriptEnabled":true,"loadImages":true,"localToRemoteUrlAccessEnabled":false,"userAgent":"Mozilla/5.0 (Windows NT 6.1; WOW64) AppleWebKit/538.1 (KHTML, like Gecko) PhantomJS/2.1.1 Safari/538.1","webSecurityEnabled":false}
[INFO  - 2017-08-29T07:03:34.954Z] Session [2c94ce40-8c88-11e7-8e8d-658508cca2bd] - page.customHeaders:  - {}
[INFO  - 2017-08-29T07:03:34.954Z] Session [2c94ce40-8c88-11e7-8e8d-658508cca2bd] - Session.negotiatedCapabilities - {"browserName":"phantomjs","version":"2.1.1","driverName":"ghostdriver","driverVersion":"1.2.0","platform":"windows-7-32bit","javascriptEnabled":true,"takesScreenshot":false,"handlesAlerts":false,"databaseEnabled":false,"locationContextEnabled":false,"applicationCacheEnabled":false,"browserConnectionEnabled":false,"cssSelectorsEnabled":true,"webStorageEnabled":false,"rotatable":false,"acceptSslCerts":false,"nativeEvents":true,"proxy":{"proxyType":"direct"}}
[INFO  - 2017-08-29T07:03:34.954Z] SessionManagerReqHand - _postNewSessionCommand - New Session Created: 2c94ce40-8c88-11e7-8e8d-658508cca2bd
[INFO  - 2017-08-29T07:05:39.437Z] GhostDriver - Main - running on port 6694
[INFO  - 2017-08-29T07:05:40.009Z] Session [771eaf30-8c88-11e7-b39f-a347d9794e91] - page.settings - {"XSSAuditingEnabled":false,"javascriptCanCloseWindows":true,"javascriptCanOpenWindows":true,"javascriptEnabled":true,"loadImages":true,"localToRemoteUrlAccessEnabled":false,"userAgent":"Mozilla/5.0 (Windows NT 6.1; WOW64) AppleWebKit/538.1 (KHTML, like Gecko) PhantomJS/2.1.1 Safari/538.1","webSecurityEnabled":false}
[INFO  - 2017-08-29T07:05:40.009Z] Session [771eaf30-8c88-11e7-b39f-a347d9794e91] - page.customHeaders:  - {}
[INFO  - 2017-08-29T07:05:40.009Z] Session [771eaf30-8c88-11e7-b39f-a347d9794e91] - Session.negotiatedCapabilities - {"browserName":"phantomjs","version":"2.1.1","driverName":"ghostdriver","driverVersion":"1.2.0","platform":"windows-7-32bit","javascriptEnabled":true,"takesScreenshot":false,"handlesAlerts":false,"databaseEnabled":false,"locationContextEnabled":false,"applicationCacheEnabled":false,"browserConnectionEnabled":false,"cssSelectorsEnabled":true,"webStorageEnabled":false,"rotatable":false,"acceptSslCerts":false,"nativeEvents":true,"proxy":{"proxyType":"direct"}}
[INFO  - 2017-08-29T07:05:40.009Z] SessionManagerReqHand - _postNewSessionCommand - New Session Created: 771eaf30-8c88-11e7-b39f-a347d9794e91
[INFO  - 2017-08-29T07:06:47.096Z] GhostDriver - Main - running on port 6672
[INFO  - 2017-08-29T07:06:47.471Z] Session [9f54dfb0-8c88-11e7-95ec-7b1af7eb1810] - page.settings - {"XSSAuditingEnabled":false,"javascriptCanCloseWindows":true,"javascriptCanOpenWindows":true,"javascriptEnabled":true,"loadImages":true,"localToRemoteUrlAccessEnabled":false,"userAgent":"Mozilla/5.0 (Windows NT 6.1; WOW64) AppleWebKit/538.1 (KHTML, like Gecko) PhantomJS/2.1.1 Safari/538.1","webSecurityEnabled":false}
[INFO  - 2017-08-29T07:06:47.471Z] Session [9f54dfb0-8c88-11e7-95ec-7b1af7eb1810] - page.customHeaders:  - {}
[INFO  - 2017-08-29T07:06:47.471Z] Session [9f54dfb0-8c88-11e7-95ec-7b1af7eb1810] - Session.negotiatedCapabilities - {"browserName":"phantomjs","version":"2.1.1","driverName":"ghostdriver","driverVersion":"1.2.0","platform":"windows-7-32bit","javascriptEnabled":true,"takesScreenshot":false,"handlesAlerts":false,"databaseEnabled":false,"locationContextEnabled":false,"applicationCacheEnabled":false,"browserConnectionEnabled":false,"cssSelectorsEnabled":true,"webStorageEnabled":false,"rotatable":false,"acceptSslCerts":false,"nativeEvents":true,"proxy":{"proxyType":"direct"}}
[INFO  - 2017-08-29T07:06:47.471Z] SessionManagerReqHand - _postNewSessionCommand - New Session Created: 9f54dfb0-8c88-11e7-95ec-7b1af7eb1810
[INFO  - 2017-08-29T07:11:47.093Z] SessionManagerReqHand - _cleanupWindowlessSessions - Asynchronous Sessions clean-up phase starting NOW
[INFO  - 2017-08-29T07:16:47.095Z] SessionManagerReqHand - _cleanupWindowlessSessions - Asynchronous Sessions clean-up phase starting NOW
[INFO  - 2017-08-31T08:21:31.154Z] GhostDriver - Main - running on port 3228
[INFO  - 2017-08-31T08:21:31.990Z] Session [65238410-8e25-11e7-b112-c10e4d85a6df] - page.settings - {"XSSAuditingEnabled":false,"javascriptCanCloseWindows":true,"javascriptCanOpenWindows":true,"javascriptEnabled":true,"loadImages":true,"localToRemoteUrlAccessEnabled":false,"userAgent":"Mozilla/5.0 (Windows NT 6.1; WOW64) AppleWebKit/538.1 (KHTML, like Gecko) PhantomJS/2.1.1 Safari/538.1","webSecurityEnabled":false}
[INFO  - 2017-08-31T08:21:31.990Z] Session [65238410-8e25-11e7-b112-c10e4d85a6df] - page.customHeaders:  - {}
[INFO  - 2017-08-31T08:21:31.990Z] Session [65238410-8e25-11e7-b112-c10e4d85a6df] - Session.negotiatedCapabilities - {"browserName":"phantomjs","version":"2.1.1","driverName":"ghostdriver","driverVersion":"1.2.0","platform":"windows-7-32bit","javascriptEnabled":true,"takesScreenshot":false,"handlesAlerts":false,"databaseEnabled":false,"locationContextEnabled":false,"applicationCacheEnabled":false,"browserConnectionEnabled":false,"cssSelectorsEnabled":true,"webStorageEnabled":false,"rotatable":false,"acceptSslCerts":false,"nativeEvents":true,"proxy":{"proxyType":"direct"}}
[INFO  - 2017-08-31T08:21:31.990Z] SessionManagerReqHand - _postNewSessionCommand - New Session Created: 65238410-8e25-11e7-b112-c10e4d85a6df
[INFO  - 2017-08-31T08:26:31.154Z] SessionManagerReqHand - _cleanupWindowlessSessions - Asynchronous Sessions clean-up phase starting NOW
[INFO  - 2017-08-31T08:31:31.152Z] SessionManagerReqHand - _cleanupWindowlessSessions - Asynchronous Sessions clean-up phase starting NOW
[INFO  - 2017-08-31T08:36:31.157Z] SessionManagerReqHand - _cleanupWindowlessSessions - Asynchronous Sessions clean-up phase starting NOW
[INFO  - 2017-08-31T08:41:31.165Z] SessionManagerReqHand - _cleanupWindowlessSessions - Asynchronous Sessions clean-up phase starting NOW
[INFO  - 2017-08-31T08:46:31.164Z] SessionManagerReqHand - _cleanupWindowlessSessions - Asynchronous Sessions clean-up phase starting NOW
[INFO  - 2017-08-31T08:51:31.165Z] SessionManagerReqHand - _cleanupWindowlessSessions - Asynchronous Sessions clean-up phase starting NOW
[INFO  - 2017-08-31T08:56:31.166Z] SessionManagerReqHand - _cleanupWindowlessSessions - Asynchronous Sessions clean-up phase starting NOW
[INFO  - 2017-08-31T09:01:31.171Z] SessionManagerReqHand - _cleanupWindowlessSessions - Asynchronous Sessions clean-up phase starting NOW
[INFO  - 2017-08-31T09:06:31.178Z] SessionManagerReqHand - _cleanupWindowlessSessions - Asynchronous Sessions clean-up phase starting NOW
[INFO  - 2017-08-31T09:11:31.189Z] SessionManagerReqHand - _cleanupWindowlessSessions - Asynchronous Sessions clean-up phase starting NOW
[INFO  - 2017-08-31T09:16:31.199Z] SessionManagerReqHand - _cleanupWindowlessSessions - Asynchronous Sessions clean-up phase starting NOW
[INFO  - 2017-08-31T09:21:31.231Z] SessionManagerReqHand - _cleanupWindowlessSessions - Asynchronous Sessions clean-up phase starting NOW
[INFO  - 2017-08-31T09:26:31.230Z] SessionManagerReqHand - _cleanupWindowlessSessions - Asynchronous Sessions clean-up phase starting NOW
Session.negotiatedCapabilities - {"browserName":"phantomjs","version":"2.1.1","driverName":"ghostdriver","driverVersion":"1.2.0","platform":"windows-7-32bit","javascriptEnabled":true,"takesScreenshot":false,"handlesAlerts":false,"databaseEnabled":false,"locationContextEnabled":false,"applicationCacheEnabled":false,"browserConnectionEnabled":false,"cssSelectorsEnabled":true,"webStorageEnabled":false,"rotatable":false,"acceptSslCerts":false,"nativeEvents":true,"proxy":{"proxyType":"direct"}}
[INFO  - 2017-08-31T09:05:35.867Z] SessionManagerReqHand - _postNewSessionCommand - New Session Created: 8d02fa50-8e2b-11e7-9ec1-13af7b1d7ed7
[INFO  - 2017-08-31T09:10:35.491Z] SessionManagerReqHand - _cleanupWindowlessSessions - Asynchronous Sessions clean-up phase starting NOW
[INFO  - 2017-08-31T09:15:35.493Z] SessionManagerReqHand - _cleanupWindowlessSessions - Asynchronous Sessions clean-up phase starting NOW
[INFO  - 2017-08-31T09:17:06.584Z] GhostDriver - Main - running on port 19353
[INFO  - 2017-08-31T09:17:06.881Z] Session [28e37fc0-8e2d-11e7-ba36-ddda85babe79] - page.settings - {"XSSAuditingEnabled":false,"javascriptCanCloseWindows":true,"javascriptCanOpenWindows":true,"javascriptEnabled":true,"loadImages":true,"localToRemoteUrlAccessEnabled":false,"userAgent":"Mozilla/5.0 (Windows NT 6.1; WOW64) AppleWebKit/538.1 (KHTML, like Gecko) PhantomJS/2.1.1 Safari/538.1","webSecurityEnabled":false}
[INFO  - 2017-08-31T09:17:06.881Z] Session [28e37fc0-8e2d-11e7-ba36-ddda85babe79] - page.customHeaders:  - {}
[INFO  - 2017-08-31T09:17:06.881Z] Session [28e37fc0-8e2d-11e7-ba36-ddda85babe79] - Session.negotiatedCapabilities - {"browserName":"phantomjs","version":"2.1.1","driverName":"ghostdriver","driverVersion":"1.2.0","platform":"windows-7-32bit","javascriptEnabled":true,"takesScreenshot":false,"handlesAlerts":false,"databaseEnabled":false,"locationContextEnabled":false,"applicationCacheEnabled":false,"browserConnectionEnabled":false,"cssSelectorsEnabled":true,"webStorageEnabled":false,"rotatable":false,"acceptSslCerts":false,"nativeEvents":true,"proxy":{"proxyType":"direct"}}
[INFO  - 2017-08-31T09:17:06.881Z] SessionManagerReqHand - _postNewSessionCommand - New Session Created: 28e37fc0-8e2d-11e7-ba36-ddda85babe79
[INFO  - 2017-08-31T09:22:06.594Z] SessionManagerReqHand - _cleanupWindowlessSessions - Asynchronous Sessions clean-up phase starting NOW
[INFO  - 2017-08-31T09:27:06.594Z] SessionManagerReqHand - _cleanupWindowlessSessions - Asynchronous Sessions clean-up phase starting NOW
criptEnabled":true,"loadImages":true,"localToRemoteUrlAccessEnabled":false,"userAgent":"Mozilla/5.0 (Windows NT 6.1; WOW64) AppleWebKit/538.1 (KHTML, like Gecko) PhantomJS/2.1.1 Safari/538.1","webSecurityEnabled":false}
[INFO  - 2017-08-31T09:18:15.675Z] Session [51e47a50-8e2d-11e7-aeaa-23d12d4d818b] - page.customHeaders:  - {}
[INFO  - 2017-08-31T09:18:15.676Z] Session [51e47a50-8e2d-11e7-aeaa-23d12d4d818b] - Session.negotiatedCapabilities - {"browserName":"phantomjs","version":"2.1.1","driverName":"ghostdriver","driverVersion":"1.2.0","platform":"windows-7-32bit","javascriptEnabled":true,"takesScreenshot":false,"handlesAlerts":false,"databaseEnabled":false,"locationContextEnabled":false,"applicationCacheEnabled":false,"browserConnectionEnabled":false,"cssSelectorsEnabled":true,"webStorageEnabled":false,"rotatable":false,"acceptSslCerts":false,"nativeEvents":true,"proxy":{"proxyType":"direct"}}
[INFO  - 2017-08-31T09:18:15.676Z] SessionManagerReqHand - _postNewSessionCommand - New Session Created: 51e47a50-8e2d-11e7-aeaa-23d12d4d818b
[INFO  - 2017-08-31T09:18:34.789Z] GhostDriver - Main - running on port 23987
[INFO  - 2017-08-31T09:18:35.246Z] Session [5d8eed90-8e2d-11e7-a5a5-41ee5201b723] - page.settings - {"XSSAuditingEnabled":false,"javascriptCanCloseWindows":true,"javascriptCanOpenWindows":true,"javascriptEnabled":true,"loadImages":true,"localToRemoteUrlAccessEnabled":false,"userAgent":"Mozilla/5.0 (Windows NT 6.1; WOW64) AppleWebKit/538.1 (KHTML, like Gecko) PhantomJS/2.1.1 Safari/538.1","webSecurityEnabled":false}
[INFO  - 2017-08-31T09:18:35.246Z] Session [5d8eed90-8e2d-11e7-a5a5-41ee5201b723] - page.customHeaders:  - {}
[INFO  - 2017-08-31T09:18:35.246Z] Session [5d8eed90-8e2d-11e7-a5a5-41ee5201b723] - Session.negotiatedCapabilities - {"browserName":"phantomjs","version":"2.1.1","driverName":"ghostdriver","driverVersion":"1.2.0","platform":"windows-7-32bit","javascriptEnabled":true,"takesScreenshot":false,"handlesAlerts":false,"databaseEnabled":false,"locationContextEnabled":false,"applicationCacheEnabled":false,"browserConnectionEnabled":false,"cssSelectorsEnabled":true,"webStorageEnabled":false,"rotatable":false,"acceptSslCerts":false,"nativeEvents":true,"proxy":{"proxyType":"direct"}}
[INFO  - 2017-08-31T09:18:35.246Z] SessionManagerReqHand - _postNewSessionCommand - New Session Created: 5d8eed90-8e2d-11e7-a5a5-41ee5201b723
[INFO  - 2017-08-31T09:19:09.189Z] GhostDriver - Main - running on port 34511
[INFO  - 2017-08-31T09:19:09.602Z] Session [72093cd0-8e2d-11e7-9270-b5e4f9a104c1] - page.settings - {"XSSAuditingEnabled":false,"javascriptCanCloseWindows":true,"javascriptCanOpenWindows":true,"javascriptEnabled":true,"loadImages":true,"localToRemoteUrlAccessEnabled":false,"userAgent":"Mozilla/5.0 (Windows NT 6.1; WOW64) AppleWebKit/538.1 (KHTML, like Gecko) PhantomJS/2.1.1 Safari/538.1","webSecurityEnabled":false}
[INFO  - 2017-08-31T09:19:09.602Z] Session [72093cd0-8e2d-11e7-9270-b5e4f9a104c1] - page.customHeaders:  - {}
[INFO  - 2017-08-31T09:19:09.602Z] Session [72093cd0-8e2d-11e7-9270-b5e4f9a104c1] - Session.negotiatedCapabilities - {"browserName":"phantomjs","version":"2.1.1","driverName":"ghostdriver","driverVersion":"1.2.0","platform":"windows-7-32bit","javascriptEnabled":true,"takesScreenshot":false,"handlesAlerts":false,"databaseEnabled":false,"locationContextEnabled":false,"applicationCacheEnabled":false,"browserConnectionEnabled":false,"cssSelectorsEnabled":true,"webStorageEnabled":false,"rotatable":false,"acceptSslCerts":false,"nativeEvents":true,"proxy":{"proxyType":"direct"}}
[INFO  - 2017-08-31T09:19:09.602Z] SessionManagerReqHand - _postNewSessionCommand - New Session Created: 72093cd0-8e2d-11e7-9270-b5e4f9a104c1
[INFO  - 2017-08-31T09:24:09.195Z] SessionManagerReqHand - _cleanupWindowlessSessions - Asynchronous Sessions clean-up phase starting NOW
[INFO  - 2017-08-31T09:29:09.200Z] SessionManagerReqHand - _cleanupWindowlessSessions - Asynchronous Sessions clean-up phase starting NOW
[INFO  - 2017-09-01T01:10:27.755Z] GhostDriver - Main - running on port 40085
[INFO  - 2017-09-01T01:10:28.780Z] Session [57e09b70-8eb2-11e7-ab82-57d27e494dc0] - page.settings - {"XSSAuditingEnabled":false,"javascriptCanCloseWindows":true,"javascriptCanOpenWindows":true,"javascriptEnabled":true,"loadImages":true,"localToRemoteUrlAccessEnabled":false,"userAgent":"Mozilla/5.0 (Windows NT 6.1; WOW64) AppleWebKit/538.1 (KHTML, like Gecko) PhantomJS/2.1.1 Safari/538.1","webSecurityEnabled":false}
[INFO  - 2017-09-01T01:10:28.780Z] Session [57e09b70-8eb2-11e7-ab82-57d27e494dc0] - page.customHeaders:  - {}
[INFO  - 2017-09-01T01:10:28.781Z] Session [57e09b70-8eb2-11e7-ab82-57d27e494dc0] - Session.negotiatedCapabilities - {"browserName":"phantomjs","version":"2.1.1","driverName":"ghostdriver","driverVersion":"1.2.0","platform":"windows-7-32bit","javascriptEnabled":true,"takesScreenshot":false,"handlesAlerts":false,"databaseEnabled":false,"locationContextEnabled":false,"applicationCacheEnabled":false,"browserConnectionEnabled":false,"cssSelectorsEnabled":true,"webStorageEnabled":false,"rotatable":false,"acceptSslCerts":false,"nativeEvents":true,"proxy":{"proxyType":"direct"}}
[INFO  - 2017-09-01T01:10:28.781Z] SessionManagerReqHand - _postNewSessionCommand - New Session Created: 57e09b70-8eb2-11e7-ab82-57d27e494dc0
[INFO  - 2017-09-01T01:11:05.370Z] GhostDriver - Main - running on port 15179
[INFO  - 2017-09-01T01:11:05.670Z] Session [6ddd9310-8eb2-11e7-8906-394383e4daed] - page.settings - {"XSSAuditingEnabled":false,"javascriptCanCloseWindows":true,"javascriptCanOpenWindows":true,"javascriptEnabled":true,"loadImages":true,"localToRemoteUrlAccessEnabled":false,"userAgent":"Mozilla/5.0 (Windows NT 6.1; WOW64) AppleWebKit/538.1 (KHTML, like Gecko) PhantomJS/2.1.1 Safari/538.1","webSecurityEnabled":false}
[INFO  - 2017-09-01T01:11:05.670Z] Session [6ddd9310-8eb2-11e7-8906-394383e4daed] - page.customHeaders:  - {}
[INFO  - 2017-09-01T01:11:05.671Z] Session [6ddd9310-8eb2-11e7-8906-394383e4daed] - Session.negotiatedCapabilities - {"browserName":"phantomjs","version":"2.1.1","driverName":"ghostdriver","driverVersion":"1.2.0","platform":"windows-7-32bit","javascriptEnabled":true,"takesScreenshot":false,"handlesAlerts":false,"databaseEnabled":false,"locationContextEnabled":false,"applicationCacheEnabled":false,"browserConnectionEnabled":false,"cssSelectorsEnabled":true,"webStorageEnabled":false,"rotatable":false,"acceptSslCerts":false,"nativeEvents":true,"proxy":{"proxyType":"direct"}}
[INFO  - 2017-09-01T01:11:05.671Z] SessionManagerReqHand - _postNewSessionCommand - New Session Created: 6ddd9310-8eb2-11e7-8906-394383e4daed
[INFO  - 2017-09-01T01:11:08.050Z] ShutdownReqHand - _handle - About to shutdown
[INFO  - 2017-09-01T01:11:54.772Z] GhostDriver - Main - running on port 44625
[INFO  - 2017-09-01T01:11:54.983Z] Session [8b41d600-8eb2-11e7-95c7-19af45156723] - page.settings - {"XSSAuditingEnabled":false,"javascriptCanCloseWindows":true,"javascriptCanOpenWindows":true,"javascriptEnabled":true,"loadImages":true,"localToRemoteUrlAccessEnabled":false,"userAgent":"Mozilla/5.0 (Windows NT 6.1; WOW64) AppleWebKit/538.1 (KHTML, like Gecko) PhantomJS/2.1.1 Safari/538.1","webSecurityEnabled":false}
[INFO  - 2017-09-01T01:11:54.983Z] Session [8b41d600-8eb2-11e7-95c7-19af45156723] - page.customHeaders:  - {}
[INFO  - 2017-09-01T01:11:54.983Z] Session [8b41d600-8eb2-11e7-95c7-19af45156723] - Session.negotiatedCapabilities - {"browserName":"phantomjs","version":"2.1.1","driverName":"ghostdriver","driverVersion":"1.2.0","platform":"windows-7-32bit","javascriptEnabled":true,"takesScreenshot":false,"handlesAlerts":false,"databaseEnabled":false,"locationContextEnabled":false,"applicationCacheEnabled":false,"browserConnectionEnabled":false,"cssSelectorsEnabled":true,"webStorageEnabled":false,"rotatable":false,"acceptSslCerts":false,"nativeEvents":true,"proxy":{"proxyType":"direct"}}
[INFO  - 2017-09-01T01:11:54.983Z] SessionManagerReqHand - _postNewSessionCommand - New Session Created: 8b41d600-8eb2-11e7-95c7-19af45156723
[INFO  - 2017-09-01T01:12:01.862Z] ShutdownReqHand - _handle - About to shutdown
[INFO  - 2017-09-01T01:15:17.609Z] GhostDriver - Main - running on port 46543
[INFO  - 2017-09-01T01:15:17.926Z] Session [0438c910-8eb3-11e7-acae-b711b4fd7d2f] - page.settings - {"XSSAuditingEnabled":false,"javascriptCanCloseWindows":true,"javascriptCanOpenWindows":true,"javascriptEnabled":true,"loadImages":true,"localToRemoteUrlAccessEnabled":false,"userAgent":"Mozilla/5.0 (Windows NT 6.1; WOW64) AppleWebKit/538.1 (KHTML, like Gecko) PhantomJS/2.1.1 Safari/538.1","webSecurityEnabled":false}
[INFO  - 2017-09-01T01:15:17.926Z] Session [0438c910-8eb3-11e7-acae-b711b4fd7d2f] - page.customHeaders:  - {}
[INFO  - 2017-09-01T01:15:17.926Z] Session [0438c910-8eb3-11e7-acae-b711b4fd7d2f] - Session.negotiatedCapabilities - {"browserName":"phantomjs","version":"2.1.1","driverName":"ghostdriver","driverVersion":"1.2.0","platform":"windows-7-32bit","javascriptEnabled":true,"takesScreenshot":false,"handlesAlerts":false,"databaseEnabled":false,"locationContextEnabled":false,"applicationCacheEnabled":false,"browserConnectionEnabled":false,"cssSelectorsEnabled":true,"webStorageEnabled":false,"rotatable":false,"acceptSslCerts":false,"nativeEvents":true,"proxy":{"proxyType":"direct"}}
[INFO  - 2017-09-01T01:15:17.927Z] SessionManagerReqHand - _postNewSessionCommand - New Session Created: 0438c910-8eb3-11e7-acae-b711b4fd7d2f
[INFO  - 2017-09-01T01:18:48.669Z] ShutdownReqHand - _handle - About to shutdown
[INFO  - 2017-09-01T01:21:17.640Z] GhostDriver - Main - running on port 45222
[INFO  - 2017-09-01T01:21:18.020Z] Session [dadac4f0-8eb3-11e7-ac18-3713ee0c6f4e] - page.settings - {"XSSAuditingEnabled":false,"javascriptCanCloseWindows":true,"javascriptCanOpenWindows":true,"javascriptEnabled":true,"loadImages":true,"localToRemoteUrlAccessEnabled":false,"userAgent":"Mozilla/5.0 (Windows NT 6.1; WOW64) AppleWebKit/538.1 (KHTML, like Gecko) PhantomJS/2.1.1 Safari/538.1","webSecurityEnabled":false}
[INFO  - 2017-09-01T01:21:18.020Z] Session [dadac4f0-8eb3-11e7-ac18-3713ee0c6f4e] - page.customHeaders:  - {}
[INFO  - 2017-09-01T01:21:18.020Z] Session [dadac4f0-8eb3-11e7-ac18-3713ee0c6f4e] - Session.negotiatedCapabilities - {"browserName":"phantomjs","version":"2.1.1","driverName":"ghostdriver","driverVersion":"1.2.0","platform":"windows-7-32bit","javascriptEnabled":true,"takesScreenshot":false,"handlesAlerts":false,"databaseEnabled":false,"locationContextEnabled":false,"applicationCacheEnabled":false,"browserConnectionEnabled":false,"cssSelectorsEnabled":true,"webStorageEnabled":false,"rotatable":false,"acceptSslCerts":false,"nativeEvents":true,"proxy":{"proxyType":"direct"}}
[INFO  - 2017-09-01T01:21:18.020Z] SessionManagerReqHand - _postNewSessionCommand - New Session Created: dadac4f0-8eb3-11e7-ac18-3713ee0c6f4e
[INFO  - 2017-09-01T01:23:11.610Z] GhostDriver - Main - running on port 6650
[INFO  - 2017-09-01T01:23:12.138Z] Session [1edfcb50-8eb4-11e7-bb31-e7bb681b5d41] - page.settings - {"XSSAuditingEnabled":false,"javascriptCanCloseWindows":true,"javascriptCanOpenWindows":true,"javascriptEnabled":true,"loadImages":true,"localToRemoteUrlAccessEnabled":false,"userAgent":"Mozilla/5.0 (Windows NT 6.1; WOW64) AppleWebKit/538.1 (KHTML, like Gecko) PhantomJS/2.1.1 Safari/538.1","webSecurityEnabled":false}
[INFO  - 2017-09-01T01:23:12.138Z] Session [1edfcb50-8eb4-11e7-bb31-e7bb681b5d41] - page.customHeaders:  - {}
[INFO  - 2017-09-01T01:23:12.138Z] Session [1edfcb50-8eb4-11e7-bb31-e7bb681b5d41] - Session.negotiatedCapabilities - {"browserName":"phantomjs","version":"2.1.1","driverName":"ghostdriver","driverVersion":"1.2.0","platform":"windows-7-32bit","javascriptEnabled":true,"takesScreenshot":false,"handlesAlerts":false,"databaseEnabled":false,"locationContextEnabled":false,"applicationCacheEnabled":false,"browserConnectionEnabled":false,"cssSelectorsEnabled":true,"webStorageEnabled":false,"rotatable":false,"acceptSslCerts":false,"nativeEvents":true,"proxy":{"proxyType":"direct"}}
[INFO  - 2017-09-01T01:23:12.138Z] SessionManagerReqHand - _postNewSessionCommand - New Session Created: 1edfcb50-8eb4-11e7-bb31-e7bb681b5d41
[INFO  - 2017-09-01T01:24:20.501Z] GhostDriver - Main - running on port 19268
[INFO  - 2017-09-01T01:24:20.909Z] Session [47dd6a80-8eb4-11e7-a9cd-ebe99272cf26] - page.settings - {"XSSAuditingEnabled":false,"javascriptCanCloseWindows":true,"javascriptCanOpenWindows":true,"javascriptEnabled":true,"loadImages":true,"localToRemoteUrlAccessEnabled":false,"userAgent":"Mozilla/5.0 (Windows NT 6.1; WOW64) AppleWebKit/538.1 (KHTML, like Gecko) PhantomJS/2.1.1 Safari/538.1","webSecurityEnabled":false}
[INFO  - 2017-09-01T01:24:20.909Z] Session [47dd6a80-8eb4-11e7-a9cd-ebe99272cf26] - page.customHeaders:  - {}
[INFO  - 2017-09-01T01:24:20.909Z] Session [47dd6a80-8eb4-11e7-a9cd-ebe99272cf26] - Session.negotiatedCapabilities - {"browserName":"phantomjs","version":"2.1.1","driverName":"ghostdriver","driverVersion":"1.2.0","platform":"windows-7-32bit","javascriptEnabled":true,"takesScreenshot":false,"handlesAlerts":false,"databaseEnabled":false,"locationContextEnabled":false,"applicationCacheEnabled":false,"browserConnectionEnabled":false,"cssSelectorsEnabled":true,"webStorageEnabled":false,"rotatable":false,"acceptSslCerts":false,"nativeEvents":true,"proxy":{"proxyType":"direct"}}
[INFO  - 2017-09-01T01:24:20.909Z] SessionManagerReqHand - _postNewSessionCommand - New Session Created: 47dd6a80-8eb4-11e7-a9cd-ebe99272cf26
[INFO  - 2017-09-01T01:36:28.479Z] GhostDriver - Main - running on port 40770
[INFO  - 2017-09-01T01:36:28.856Z] Session [f9c15030-8eb5-11e7-9e27-6d7061a15ce6] - page.settings - {"XSSAuditingEnabled":false,"javascriptCanCloseWindows":true,"javascriptCanOpenWindows":true,"javascriptEnabled":true,"loadImages":true,"localToRemoteUrlAccessEnabled":false,"userAgent":"Mozilla/5.0 (Windows NT 6.1; WOW64) AppleWebKit/538.1 (KHTML, like Gecko) PhantomJS/2.1.1 Safari/538.1","webSecurityEnabled":false}
[INFO  - 2017-09-01T01:36:28.856Z] Session [f9c15030-8eb5-11e7-9e27-6d7061a15ce6] - page.customHeaders:  - {}
[INFO  - 2017-09-01T01:36:28.856Z] Session [f9c15030-8eb5-11e7-9e27-6d7061a15ce6] - Session.negotiatedCapabilities - {"browserName":"phantomjs","version":"2.1.1","driverName":"ghostdriver","driverVersion":"1.2.0","platform":"windows-7-32bit","javascriptEnabled":true,"takesScreenshot":false,"handlesAlerts":false,"databaseEnabled":false,"locationContextEnabled":false,"applicationCacheEnabled":false,"browserConnectionEnabled":false,"cssSelectorsEnabled":true,"webStorageEnabled":false,"rotatable":false,"acceptSslCerts":false,"nativeEvents":true,"proxy":{"proxyType":"direct"}}
[INFO  - 2017-09-01T01:36:28.856Z] SessionManagerReqHand - _postNewSessionCommand - New Session Created: f9c15030-8eb5-11e7-9e27-6d7061a15ce6
[INFO  - 2017-09-01T01:39:01.235Z] ShutdownReqHand - _handle - About to shutdown
[INFO  - 2017-09-01T01:42:40.374Z] GhostDriver - Main - running on port 37827
[INFO  - 2017-09-01T01:42:40.761Z] Session [d76d8340-8eb6-11e7-a6fe-a9b5d5c0559a] - page.settings - {"XSSAuditingEnabled":false,"javascriptCanCloseWindows":true,"javascriptCanOpenWindows":true,"javascriptEnabled":true,"loadImages":true,"localToRemoteUrlAccessEnabled":false,"userAgent":"Mozilla/5.0 (Windows NT 6.1; WOW64) AppleWebKit/538.1 (KHTML, like Gecko) PhantomJS/2.1.1 Safari/538.1","webSecurityEnabled":false}
[INFO  - 2017-09-01T01:42:40.761Z] Session [d76d8340-8eb6-11e7-a6fe-a9b5d5c0559a] - page.customHeaders:  - {}
[INFO  - 2017-09-01T01:42:40.761Z] Session [d76d8340-8eb6-11e7-a6fe-a9b5d5c0559a] - Session.negotiatedCapabilities - {"browserName":"phantomjs","version":"2.1.1","driverName":"ghostdriver","driverVersion":"1.2.0","platform":"windows-7-32bit","javascriptEnabled":true,"takesScreenshot":false,"handlesAlerts":false,"databaseEnabled":false,"locationContextEnabled":false,"applicationCacheEnabled":false,"browserConnectionEnabled":false,"cssSelectorsEnabled":true,"webStorageEnabled":false,"rotatable":false,"acceptSslCerts":false,"nativeEvents":true,"proxy":{"proxyType":"direct"}}
[INFO  - 2017-09-01T01:42:40.761Z] SessionManagerReqHand - _postNewSessionCommand - New Session Created: d76d8340-8eb6-11e7-a6fe-a9b5d5c0559a
[INFO  - 2017-09-01T01:44:40.759Z] GhostDriver - Main - running on port 13843
[INFO  - 2017-09-01T01:44:41.157Z] Session [1f307c00-8eb7-11e7-a442-390e1c35eb41] - page.settings - {"XSSAuditingEnabled":false,"javascriptCanCloseWindows":true,"javascriptCanOpenWindows":true,"javascriptEnabled":true,"loadImages":true,"localToRemoteUrlAccessEnabled":false,"userAgent":"Mozilla/5.0 (Windows NT 6.1; WOW64) AppleWebKit/538.1 (KHTML, like Gecko) PhantomJS/2.1.1 Safari/538.1","webSecurityEnabled":false}
[INFO  - 2017-09-01T01:44:41.157Z] Session [1f307c00-8eb7-11e7-a442-390e1c35eb41] - page.customHeaders:  - {}
[INFO  - 2017-09-01T01:44:41.157Z] Session [1f307c00-8eb7-11e7-a442-390e1c35eb41] - Session.negotiatedCapabilities - {"browserName":"phantomjs","version":"2.1.1","driverName":"ghostdriver","driverVersion":"1.2.0","platform":"windows-7-32bit","javascriptEnabled":true,"takesScreenshot":false,"handlesAlerts":false,"databaseEnabled":false,"locationContextEnabled":false,"applicationCacheEnabled":false,"browserConnectionEnabled":false,"cssSelectorsEnabled":true,"webStorageEnabled":false,"rotatable":false,"acceptSslCerts":false,"nativeEvents":true,"proxy":{"proxyType":"direct"}}
[INFO  - 2017-09-01T01:44:41.158Z] SessionManagerReqHand - _postNewSessionCommand - New Session Created: 1f307c00-8eb7-11e7-a442-390e1c35eb41
[INFO  - 2017-09-01T01:46:19.184Z] GhostDriver - Main - running on port 30246
[INFO  - 2017-09-01T01:46:19.699Z] Session [59eccce0-8eb7-11e7-a97f-0fd8544389eb] - page.settings - {"XSSAuditingEnabled":false,"javascriptCanCloseWindows":true,"javascriptCanOpenWindows":true,"javascriptEnabled":true,"loadImages":true,"localToRemoteUrlAccessEnabled":false,"userAgent":"Mozilla/5.0 (Windows NT 6.1; WOW64) AppleWebKit/538.1 (KHTML, like Gecko) PhantomJS/2.1.1 Safari/538.1","webSecurityEnabled":false}
[INFO  - 2017-09-01T01:46:19.699Z] Session [59eccce0-8eb7-11e7-a97f-0fd8544389eb] - page.customHeaders:  - {}
[INFO  - 2017-09-01T01:46:19.699Z] Session [59eccce0-8eb7-11e7-a97f-0fd8544389eb] - Session.negotiatedCapabilities - {"browserName":"phantomjs","version":"2.1.1","driverName":"ghostdriver","driverVersion":"1.2.0","platform":"windows-7-32bit","javascriptEnabled":true,"takesScreenshot":false,"handlesAlerts":false,"databaseEnabled":false,"locationContextEnabled":false,"applicationCacheEnabled":false,"browserConnectionEnabled":false,"cssSelectorsEnabled":true,"webStorageEnabled":false,"rotatable":false,"acceptSslCerts":false,"nativeEvents":true,"proxy":{"proxyType":"direct"}}
[INFO  - 2017-09-01T01:46:19.699Z] SessionManagerReqHand - _postNewSessionCommand - New Session Created: 59eccce0-8eb7-11e7-a97f-0fd8544389eb
[INFO  - 2017-09-01T01:48:11.398Z] ShutdownReqHand - _handle - About to shutdown
[INFO  - 2017-09-01T02:06:42.601Z] GhostDriver - Main - running on port 34714
[INFO  - 2017-09-01T02:06:42.965Z] Session [330c6100-8eba-11e7-bdf1-939c967700c6] - page.settings - {"XSSAuditingEnabled":false,"javascriptCanCloseWindows":true,"javascriptCanOpenWindows":true,"javascriptEnabled":true,"loadImages":true,"localToRemoteUrlAccessEnabled":false,"userAgent":"Mozilla/5.0 (Windows NT 6.1; WOW64) AppleWebKit/538.1 (KHTML, like Gecko) PhantomJS/2.1.1 Safari/538.1","webSecurityEnabled":false}
[INFO  - 2017-09-01T02:06:42.965Z] Session [330c6100-8eba-11e7-bdf1-939c967700c6] - page.customHeaders:  - {}
[INFO  - 2017-09-01T02:06:42.965Z] Session [330c6100-8eba-11e7-bdf1-939c967700c6] - Session.negotiatedCapabilities - {"browserName":"phantomjs","version":"2.1.1","driverName":"ghostdriver","driverVersion":"1.2.0","platform":"windows-7-32bit","javascriptEnabled":true,"takesScreenshot":false,"handlesAlerts":false,"databaseEnabled":false,"locationContextEnabled":false,"applicationCacheEnabled":false,"browserConnectionEnabled":false,"cssSelectorsEnabled":true,"webStorageEnabled":false,"rotatable":false,"acceptSslCerts":false,"nativeEvents":true,"proxy":{"proxyType":"direct"}}
[INFO  - 2017-09-01T02:06:42.965Z] SessionManagerReqHand - _postNewSessionCommand - New Session Created: 330c6100-8eba-11e7-bdf1-939c967700c6
[INFO  - 2017-09-01T02:11:42.610Z] SessionManagerReqHand - _cleanupWindowlessSessions - Asynchronous Sessions clean-up phase starting NOW
[INFO  - 2017-09-01T02:16:42.618Z] SessionManagerReqHand - _cleanupWindowlessSessions - Asynchronous Sessions clean-up phase starting NOW
[INFO  - 2017-09-01T02:21:42.617Z] SessionManagerReqHand - _cleanupWindowlessSessions - Asynchronous Sessions clean-up phase starting NOW
[INFO  - 2017-09-01T02:26:42.617Z] SessionManagerReqHand - _cleanupWindowlessSessions - Asynchronous Sessions clean-up phase starting NOW
[INFO  - 2017-09-01T02:31:42.619Z] SessionManagerReqHand - _cleanupWindowlessSessions - Asynchronous Sessions clean-up phase starting NOW
[INFO  - 2017-09-01T02:36:42.632Z] SessionManagerReqHand - _cleanupWindowlessSessions - Asynchronous Sessions clean-up phase starting NOW
[INFO  - 2017-09-01T02:41:42.629Z] SessionManagerReqHand - _cleanupWindowlessSessions - Asynchronous Sessions clean-up phase starting NOW
[INFO  - 2017-09-01T02:46:42.644Z] SessionManagerReqHand - _cleanupWindowlessSessions - Asynchronous Sessions clean-up phase starting NOW
[INFO  - 2017-09-01T02:51:42.653Z] SessionManagerReqHand - _cleanupWindowlessSessions - Asynchronous Sessions clean-up phase starting NOW
[INFO  - 2017-09-01T02:56:42.665Z] SessionManagerReqHand - _cleanupWindowlessSessions - Asynchronous Sessions clean-up phase starting NOW
[INFO  - 2017-09-01T03:01:42.672Z] SessionManagerReqHand - _cleanupWindowlessSessions - Asynchronous Sessions clean-up phase starting NOW
[INFO  - 2017-09-01T03:06:42.720Z] SessionManagerReqHand - _cleanupWindowlessSessions - Asynchronous Sessions clean-up phase starting NOW
[INFO  - 2017-09-01T03:11:42.722Z] SessionManagerReqHand - _cleanupWindowlessSessions - Asynchronous Sessions clean-up phase starting NOW
[INFO  - 2017-09-01T03:16:42.725Z] SessionManagerReqHand - _cleanupWindowlessSessions - Asynchronous Sessions clean-up phase starting NOW
[INFO  - 2017-09-01T03:21:42.726Z] SessionManagerReqHand - _cleanupWindowlessSessions - Asynchronous Sessions clean-up phase starting NOW
[INFO  - 2017-09-01T03:26:42.736Z] SessionManagerReqHand - _cleanupWindowlessSessions - Asynchronous Sessions clean-up phase starting NOW
[INFO  - 2017-09-01T03:31:42.744Z] SessionManagerReqHand - _cleanupWindowlessSessions - Asynchronous Sessions clean-up phase starting NOW
[INFO  - 2017-09-01T03:36:42.744Z] SessionManagerReqHand - _cleanupWindowlessSessions - Asynchronous Sessions clean-up phase starting NOW
[INFO  - 2017-09-01T03:41:42.751Z] SessionManagerReqHand - _cleanupWindowlessSessions - Asynchronous Sessions clean-up phase starting NOW
[INFO  - 2017-09-01T03:46:42.756Z] SessionManagerReqHand - _cleanupWindowlessSessions - Asynchronous Sessions clean-up phase starting NOW
[INFO  - 2017-09-01T03:51:42.771Z] SessionManagerReqHand - _cleanupWindowlessSessions - Asynchronous Sessions clean-up phase starting NOW
[INFO  - 2017-09-01T03:56:42.783Z] SessionManagerReqHand - _cleanupWindowlessSessions - Asynchronous Sessions clean-up phase starting NOW
[INFO  - 2017-09-01T04:01:42.825Z] SessionManagerReqHand - _cleanupWindowlessSessions - Asynchronous Sessions clean-up phase starting NOW
[INFO  - 2017-09-01T04:06:42.830Z] SessionManagerReqHand - _cleanupWindowlessSessions - Asynchronous Sessions clean-up phase starting NOW
[INFO  - 2017-09-01T04:11:42.832Z] SessionManagerReqHand - _cleanupWindowlessSessions - Asynchronous Sessions clean-up phase starting NOW
[INFO  - 2017-09-01T04:16:42.834Z] SessionManagerReqHand - _cleanupWindowlessSessions - Asynchronous Sessions clean-up phase starting NOW
[INFO  - 2017-09-01T04:21:42.838Z] SessionManagerReqHand - _cleanupWindowlessSessions - Asynchronous Sessions clean-up phase starting NOW
[INFO  - 2017-09-01T04:26:42.845Z] SessionManagerReqHand - _cleanupWindowlessSessions - Asynchronous Sessions clean-up phase starting NOW
[INFO  - 2017-09-01T04:31:42.845Z] SessionManagerReqHand - _cleanupWindowlessSessions - Asynchronous Sessions clean-up phase starting NOW
[INFO  - 2017-09-01T04:36:42.853Z] SessionManagerReqHand - _cleanupWindowlessSessions - Asynchronous Sessions clean-up phase starting NOW
[INFO  - 2017-09-01T04:41:42.857Z] SessionManagerReqHand - _cleanupWindowlessSessions - Asynchronous Sessions clean-up phase starting NOW
[INFO  - 2017-09-01T04:46:42.867Z] SessionManagerReqHand - _cleanupWindowlessSessions - Asynchronous Sessions clean-up phase starting NOW
[INFO  - 2017-09-01T04:51:42.870Z] SessionManagerReqHand - _cleanupWindowlessSessions - Asynchronous Sessions clean-up phase starting NOW
[INFO  - 2017-09-01T04:56:42.872Z] SessionManagerReqHand - _cleanupWindowlessSessions - Asynchronous Sessions clean-up phase starting NOW
[INFO  - 2017-09-01T05:01:42.911Z] SessionManagerReqHand - _cleanupWindowlessSessions - Asynchronous Sessions clean-up phase starting NOW
[INFO  - 2017-09-01T05:06:42.917Z] SessionManagerReqHand - _cleanupWindowlessSessions - Asynchronous Sessions clean-up phase starting NOW
[INFO  - 2017-09-01T05:11:42.929Z] SessionManagerReqHand - _cleanupWindowlessSessions - Asynchronous Sessions clean-up phase starting NOW
[INFO  - 2017-09-01T05:16:42.935Z] SessionManagerReqHand - _cleanupWindowlessSessions - Asynchronous Sessions clean-up phase starting NOW
[INFO  - 2017-09-01T05:21:42.934Z] SessionManagerReqHand - _cleanupWindowlessSessions - Asynchronous Sessions clean-up phase starting NOW
[INFO  - 2017-09-01T05:26:42.938Z] SessionManagerReqHand - _cleanupWindowlessSessions - Asynchronous Sessions clean-up phase starting NOW
[INFO  - 2017-09-01T05:31:42.940Z] SessionManagerReqHand - _cleanupWindowlessSessions - Asynchronous Sessions clean-up phase starting NOW
[INFO  - 2017-09-01T05:36:42.947Z] SessionManagerReqHand - _cleanupWindowlessSessions - Asynchronous Sessions clean-up phase starting NOW
[INFO  - 2017-09-01T05:41:42.947Z] SessionManagerReqHand - _cleanupWindowlessSessions - Asynchronous Sessions clean-up phase starting NOW
[INFO  - 2017-09-01T05:46:42.949Z] SessionManagerReqHand - _cleanupWindowlessSessions - Asynchronous Sessions clean-up phase starting NOW
and - _cleanupWindowlessSessions - Asynchronous Sessions clean-up phase starting NOW
[INFO  - 2017-09-01T05:07:12.208Z] SessionManagerReqHand - _cleanupWindowlessSessions - Asynchronous Sessions clean-up phase starting NOW
[INFO  - 2017-09-01T05:12:12.214Z] SessionManagerReqHand - _cleanupWindowlessSessions - Asynchronous Sessions clean-up phase starting NOW
[INFO  - 2017-09-01T05:17:12.214Z] SessionManagerReqHand - _cleanupWindowlessSessions - Asynchronous Sessions clean-up phase starting NOW
[INFO  - 2017-09-01T05:22:12.215Z] SessionManagerReqHand - _cleanupWindowlessSessions - Asynchronous Sessions clean-up phase starting NOW
[INFO  - 2017-09-01T05:27:12.226Z] SessionManagerReqHand - _cleanupWindowlessSessions - Asynchronous Sessions clean-up phase starting NOW
[INFO  - 2017-09-01T05:32:12.226Z] SessionManagerReqHand - _cleanupWindowlessSessions - Asynchronous Sessions clean-up phase starting NOW
[INFO  - 2017-09-01T05:37:12.228Z] SessionManagerReqHand - _cleanupWindowlessSessions - Asynchronous Sessions clean-up phase starting NOW
[INFO  - 2017-09-01T05:42:12.228Z] SessionManagerReqHand - _cleanupWindowlessSessions - Asynchronous Sessions clean-up phase starting NOW
[INFO  - 2017-09-01T05:47:12.228Z] SessionManagerReqHand - _cleanupWindowlessSessions - Asynchronous Sessions clean-up phase starting NOW
 _handle - About to shutdown
nCloseWindows":true,"javascriptCanOpenWindows":true,"javascriptEnabled":true,"loadImages":true,"localToRemoteUrlAccessEnabled":false,"userAgent":"Mozilla/5.0 (Windows NT 6.1; WOW64) AppleWebKit/538.1 (KHTML, like Gecko) PhantomJS/2.1.1 Safari/538.1","webSecurityEnabled":false}
[INFO  - 2017-09-01T04:52:52.903Z] Session [69983020-8ed1-11e7-aecb-fb832faf351f] - page.customHeaders:  - {}
[INFO  - 2017-09-01T04:52:52.904Z] Session [69983020-8ed1-11e7-aecb-fb832faf351f] - Session.negotiatedCapabilities - {"browserName":"phantomjs","version":"2.1.1","driverName":"ghostdriver","driverVersion":"1.2.0","platform":"windows-7-32bit","javascriptEnabled":true,"takesScreenshot":false,"handlesAlerts":false,"databaseEnabled":false,"locationContextEnabled":false,"applicationCacheEnabled":false,"browserConnectionEnabled":false,"cssSelectorsEnabled":true,"webStorageEnabled":false,"rotatable":false,"acceptSslCerts":false,"nativeEvents":true,"proxy":{"proxyType":"direct"}}
[INFO  - 2017-09-01T04:52:52.904Z] SessionManagerReqHand - _postNewSessionCommand - New Session Created: 69983020-8ed1-11e7-aecb-fb832faf351f
[INFO  - 2017-09-01T04:57:30.397Z] ShutdownReqHand - _handle - About to shutdown
[INFO  - 2017-09-01T05:14:44.597Z] GhostDriver - Main - running on port 24819
[INFO  - 2017-09-01T05:14:44.870Z] Session [77967710-8ed4-11e7-86c6-5b8ebeeae75b] - page.settings - {"XSSAuditingEnabled":false,"javascriptCanCloseWindows":true,"javascriptCanOpenWindows":true,"javascriptEnabled":true,"loadImages":true,"localToRemoteUrlAccessEnabled":false,"userAgent":"Mozilla/5.0 (Windows NT 6.1; WOW64) AppleWebKit/538.1 (KHTML, like Gecko) PhantomJS/2.1.1 Safari/538.1","webSecurityEnabled":false}
[INFO  - 2017-09-01T05:14:44.870Z] Session [77967710-8ed4-11e7-86c6-5b8ebeeae75b] - page.customHeaders:  - {}
[INFO  - 2017-09-01T05:14:44.871Z] Session [77967710-8ed4-11e7-86c6-5b8ebeeae75b] - Session.negotiatedCapabilities - {"browserName":"phantomjs","version":"2.1.1","driverName":"ghostdriver","driverVersion":"1.2.0","platform":"windows-7-32bit","javascriptEnabled":true,"takesScreenshot":false,"handlesAlerts":false,"databaseEnabled":false,"locationContextEnabled":false,"applicationCacheEnabled":false,"browserConnectionEnabled":false,"cssSelectorsEnabled":true,"webStorageEnabled":false,"rotatable":false,"acceptSslCerts":false,"nativeEvents":true,"proxy":{"proxyType":"direct"}}
[INFO  - 2017-09-01T05:14:44.871Z] SessionManagerReqHand - _postNewSessionCommand - New Session Created: 77967710-8ed4-11e7-86c6-5b8ebeeae75b
[INFO  - 2017-09-01T05:19:30.538Z] ShutdownReqHand - _handle - About to shutdown
FO  - 2017-09-01T05:15:19.323Z] Session [8c1ef720-8ed4-11e7-a016-c33d9934f5ab] - page.settings - {"XSSAuditingEnabled":false,"javascriptCanCloseWindows":true,"javascriptCanOpenWindows":true,"javascriptEnabled":true,"loadImages":true,"localToRemoteUrlAccessEnabled":false,"userAgent":"Mozilla/5.0 (Windows NT 6.1; WOW64) AppleWebKit/538.1 (KHTML, like Gecko) PhantomJS/2.1.1 Safari/538.1","webSecurityEnabled":false}
[INFO  - 2017-09-01T05:15:19.323Z] Session [8c1ef720-8ed4-11e7-a016-c33d9934f5ab] - page.customHeaders:  - {}
[INFO  - 2017-09-01T05:15:19.323Z] Session [8c1ef720-8ed4-11e7-a016-c33d9934f5ab] - Session.negotiatedCapabilities - {"browserName":"phantomjs","version":"2.1.1","driverName":"ghostdriver","driverVersion":"1.2.0","platform":"windows-7-32bit","javascriptEnabled":true,"takesScreenshot":false,"handlesAlerts":false,"databaseEnabled":false,"locationContextEnabled":false,"applicationCacheEnabled":false,"browserConnectionEnabled":false,"cssSelectorsEnabled":true,"webStorageEnabled":false,"rotatable":false,"acceptSslCerts":false,"nativeEvents":true,"proxy":{"proxyType":"direct"}}
[INFO  - 2017-09-01T05:15:19.324Z] SessionManagerReqHand - _postNewSessionCommand - New Session Created: 8c1ef720-8ed4-11e7-a016-c33d9934f5ab
[INFO  - 2017-09-01T05:19:31.597Z] ShutdownReqHand - _handle - About to shutdown
[INFO  - 2017-09-01T05:44:49.030Z] GhostDriver - Main - running on port 8038
[INFO  - 2017-09-01T05:44:49.329Z] Session [ab210ec0-8ed8-11e7-b27b-b5413441c188] - page.settings - {"XSSAuditingEnabled":false,"javascriptCanCloseWindows":true,"javascriptCanOpenWindows":true,"javascriptEnabled":true,"loadImages":true,"localToRemoteUrlAccessEnabled":false,"userAgent":"Mozilla/5.0 (Windows NT 6.1; WOW64) AppleWebKit/538.1 (KHTML, like Gecko) PhantomJS/2.1.1 Safari/538.1","webSecurityEnabled":false}
[INFO  - 2017-09-01T05:44:49.329Z] Session [ab210ec0-8ed8-11e7-b27b-b5413441c188] - page.customHeaders:  - {}
[INFO  - 2017-09-01T05:44:49.329Z] Session [ab210ec0-8ed8-11e7-b27b-b5413441c188] - Session.negotiatedCapabilities - {"browserName":"phantomjs","version":"2.1.1","driverName":"ghostdriver","driverVersion":"1.2.0","platform":"windows-7-32bit","javascriptEnabled":true,"takesScreenshot":false,"handlesAlerts":false,"databaseEnabled":false,"locationContextEnabled":false,"applicationCacheEnabled":false,"browserConnectionEnabled":false,"cssSelectorsEnabled":true,"webStorageEnabled":false,"rotatable":false,"acceptSslCerts":false,"nativeEvents":true,"proxy":{"proxyType":"direct"}}
[INFO  - 2017-09-01T05:44:49.329Z] SessionManagerReqHand - _postNewSessionCommand - New Session Created: ab210ec0-8ed8-11e7-b27b-b5413441c188
[INFO  - 2017-09-01T05:45:15.210Z] GhostDriver - Main - running on port 22328
[INFO  - 2017-09-01T05:45:15.677Z] Session [bad57180-8ed8-11e7-b443-83d9038bdc58] - page.settings - {"XSSAuditingEnabled":false,"javascriptCanCloseWindows":true,"javascriptCanOpenWindows":true,"javascriptEnabled":true,"loadImages":true,"localToRemoteUrlAccessEnabled":false,"userAgent":"Mozilla/5.0 (Windows NT 6.1; WOW64) AppleWebKit/538.1 (KHTML, like Gecko) PhantomJS/2.1.1 Safari/538.1","webSecurityEnabled":false}
[INFO  - 2017-09-01T05:45:15.677Z] Session [bad57180-8ed8-11e7-b443-83d9038bdc58] - page.customHeaders:  - {}
[INFO  - 2017-09-01T05:45:15.677Z] Session [bad57180-8ed8-11e7-b443-83d9038bdc58] - Session.negotiatedCapabilities - {"browserName":"phantomjs","version":"2.1.1","driverName":"ghostdriver","driverVersion":"1.2.0","platform":"windows-7-32bit","javascriptEnabled":true,"takesScreenshot":false,"handlesAlerts":false,"databaseEnabled":false,"locationContextEnabled":false,"applicationCacheEnabled":false,"browserConnectionEnabled":false,"cssSelectorsEnabled":true,"webStorageEnabled":false,"rotatable":false,"acceptSslCerts":false,"nativeEvents":true,"proxy":{"proxyType":"direct"}}
[INFO  - 2017-09-01T05:45:15.677Z] SessionManagerReqHand - _postNewSessionCommand - New Session Created: bad57180-8ed8-11e7-b443-83d9038bdc58
[INFO  - 2017-09-01T05:45:44.787Z] GhostDriver - Main - running on port 16088
[INFO  - 2017-09-01T05:45:45.124Z] Session [cc623dc0-8ed8-11e7-a194-9f44906f16ce] - page.settings - {"XSSAuditingEnabled":false,"javascriptCanCloseWindows":true,"javascriptCanOpenWindows":true,"javascriptEnabled":true,"loadImages":true,"localToRemoteUrlAccessEnabled":false,"userAgent":"Mozilla/5.0 (Windows NT 6.1; WOW64) AppleWebKit/538.1 (KHTML, like Gecko) PhantomJS/2.1.1 Safari/538.1","webSecurityEnabled":false}
[INFO  - 2017-09-01T05:45:45.124Z] Session [cc623dc0-8ed8-11e7-a194-9f44906f16ce] - page.customHeaders:  - {}
[INFO  - 2017-09-01T05:45:45.124Z] Session [cc623dc0-8ed8-11e7-a194-9f44906f16ce] - Session.negotiatedCapabilities - {"browserName":"phantomjs","version":"2.1.1","driverName":"ghostdriver","driverVersion":"1.2.0","platform":"windows-7-32bit","javascriptEnabled":true,"takesScreenshot":false,"handlesAlerts":false,"databaseEnabled":false,"locationContextEnabled":false,"applicationCacheEnabled":false,"browserConnectionEnabled":false,"cssSelectorsEnabled":true,"webStorageEnabled":false,"rotatable":false,"acceptSslCerts":false,"nativeEvents":true,"proxy":{"proxyType":"direct"}}
[INFO  - 2017-09-01T05:45:45.125Z] SessionManagerReqHand - _postNewSessionCommand - New Session Created: cc623dc0-8ed8-11e7-a194-9f44906f16ce
[INFO  - 2017-09-01T05:46:47.311Z] GhostDriver - Main - running on port 27247
[INFO  - 2017-09-01T05:46:47.774Z] Session [f1ba5490-8ed8-11e7-8423-9353cbe72b72] - page.settings - {"XSSAuditingEnabled":false,"javascriptCanCloseWindows":true,"javascriptCanOpenWindows":true,"javascriptEnabled":true,"loadImages":true,"localToRemoteUrlAccessEnabled":false,"userAgent":"Mozilla/5.0 (Windows NT 6.1; WOW64) AppleWebKit/538.1 (KHTML, like Gecko) PhantomJS/2.1.1 Safari/538.1","webSecurityEnabled":false}
[INFO  - 2017-09-01T05:46:47.774Z] Session [f1ba5490-8ed8-11e7-8423-9353cbe72b72] - page.customHeaders:  - {}
[INFO  - 2017-09-01T05:46:47.774Z] Session [f1ba5490-8ed8-11e7-8423-9353cbe72b72] - Session.negotiatedCapabilities - {"browserName":"phantomjs","version":"2.1.1","driverName":"ghostdriver","driverVersion":"1.2.0","platform":"windows-7-32bit","javascriptEnabled":true,"takesScreenshot":false,"handlesAlerts":false,"databaseEnabled":false,"locationContextEnabled":false,"applicationCacheEnabled":false,"browserConnectionEnabled":false,"cssSelectorsEnabled":true,"webStorageEnabled":false,"rotatable":false,"acceptSslCerts":false,"nativeEvents":true,"proxy":{"proxyType":"direct"}}
[INFO  - 2017-09-01T05:46:47.774Z] SessionManagerReqHand - _postNewSessionCommand - New Session Created: f1ba5490-8ed8-11e7-8423-9353cbe72b72
[INFO  - 2017-09-01T05:48:39.206Z] GhostDriver - Main - running on port 39904
[INFO  - 2017-09-01T05:48:39.615Z] Session [3463e9a0-8ed9-11e7-bfc0-b123aefd0b2a] - page.settings - {"XSSAuditingEnabled":false,"javascriptCanCloseWindows":true,"javascriptCanOpenWindows":true,"javascriptEnabled":true,"loadImages":true,"localToRemoteUrlAccessEnabled":false,"userAgent":"Mozilla/5.0 (Windows NT 6.1; WOW64) AppleWebKit/538.1 (KHTML, like Gecko) PhantomJS/2.1.1 Safari/538.1","webSecurityEnabled":false}
[INFO  - 2017-09-01T05:48:39.615Z] Session [3463e9a0-8ed9-11e7-bfc0-b123aefd0b2a] - page.customHeaders:  - {}
[INFO  - 2017-09-01T05:48:39.615Z] Session [3463e9a0-8ed9-11e7-bfc0-b123aefd0b2a] - Session.negotiatedCapabilities - {"browserName":"phantomjs","version":"2.1.1","driverName":"ghostdriver","driverVersion":"1.2.0","platform":"windows-7-32bit","javascriptEnabled":true,"takesScreenshot":false,"handlesAlerts":false,"databaseEnabled":false,"locationContextEnabled":false,"applicationCacheEnabled":false,"browserConnectionEnabled":false,"cssSelectorsEnabled":true,"webStorageEnabled":false,"rotatable":false,"acceptSslCerts":false,"nativeEvents":true,"proxy":{"proxyType":"direct"}}
[INFO  - 2017-09-01T05:48:39.615Z] SessionManagerReqHand - _postNewSessionCommand - New Session Created: 3463e9a0-8ed9-11e7-bfc0-b123aefd0b2a
[INFO  - 2017-09-01T08:46:22.348Z] GhostDriver - Main - running on port 16133
[INFO  - 2017-09-01T08:46:23.476Z] Session [088bf7f0-8ef2-11e7-b6be-c1c5533f0353] - page.settings - {"XSSAuditingEnabled":false,"javascriptCanCloseWindows":true,"javascriptCanOpenWindows":true,"javascriptEnabled":true,"loadImages":true,"localToRemoteUrlAccessEnabled":false,"userAgent":"Mozilla/5.0 (Windows NT 6.1; WOW64) AppleWebKit/538.1 (KHTML, like Gecko) PhantomJS/2.1.1 Safari/538.1","webSecurityEnabled":false}
[INFO  - 2017-09-01T08:46:23.476Z] Session [088bf7f0-8ef2-11e7-b6be-c1c5533f0353] - page.customHeaders:  - {}
[INFO  - 2017-09-01T08:46:23.476Z] Session [088bf7f0-8ef2-11e7-b6be-c1c5533f0353] - Session.negotiatedCapabilities - {"browserName":"phantomjs","version":"2.1.1","driverName":"ghostdriver","driverVersion":"1.2.0","platform":"windows-7-32bit","javascriptEnabled":true,"takesScreenshot":false,"handlesAlerts":false,"databaseEnabled":false,"locationContextEnabled":false,"applicationCacheEnabled":false,"browserConnectionEnabled":false,"cssSelectorsEnabled":true,"webStorageEnabled":false,"rotatable":false,"acceptSslCerts":false,"nativeEvents":true,"proxy":{"proxyType":"direct"}}
[INFO  - 2017-09-01T08:46:23.476Z] SessionManagerReqHand - _postNewSessionCommand - New Session Created: 088bf7f0-8ef2-11e7-b6be-c1c5533f0353
[INFO  - 2017-09-01T08:51:22.350Z] SessionManagerReqHand - _cleanupWindowlessSessions - Asynchronous Sessions clean-up phase starting NOW
[INFO  - 2017-09-01T08:56:22.349Z] SessionManagerReqHand - _cleanupWindowlessSessions - Asynchronous Sessions clean-up phase starting NOW
[INFO  - 2017-09-01T09:01:22.361Z] SessionManagerReqHand - _cleanupWindowlessSessions - Asynchronous Sessions clean-up phase starting NOW
38.1 (KHTML, like Gecko) PhantomJS/2.1.1 Safari/538.1","webSecurityEnabled":false}
[INFO  - 2017-09-01T08:49:55.034Z] Session [86a52850-8ef2-11e7-9789-ff4dfba79e9f] - page.customHeaders:  - {}
[INFO  - 2017-09-01T08:49:55.034Z] Session [86a52850-8ef2-11e7-9789-ff4dfba79e9f] - Session.negotiatedCapabilities - {"browserName":"phantomjs","version":"2.1.1","driverName":"ghostdriver","driverVersion":"1.2.0","platform":"windows-7-32bit","javascriptEnabled":true,"takesScreenshot":false,"handlesAlerts":false,"databaseEnabled":false,"locationContextEnabled":false,"applicationCacheEnabled":false,"browserConnectionEnabled":false,"cssSelectorsEnabled":true,"webStorageEnabled":false,"rotatable":false,"acceptSslCerts":false,"nativeEvents":true,"proxy":{"proxyType":"direct"}}
[INFO  - 2017-09-01T08:49:55.034Z] SessionManagerReqHand - _postNewSessionCommand - New Session Created: 86a52850-8ef2-11e7-9789-ff4dfba79e9f
[INFO  - 2017-09-01T08:54:54.278Z] SessionManagerReqHand - _cleanupWindowlessSessions - Asynchronous Sessions clean-up phase starting NOW
[INFO  - 2017-09-01T08:59:54.281Z] SessionManagerReqHand - _cleanupWindowlessSessions - Asynchronous Sessions clean-up phase starting NOW
scriptEnabled":true,"loadImages":true,"localToRemoteUrlAccessEnabled":false,"userAgent":"Mozilla/5.0 (Windows NT 6.1; WOW64) AppleWebKit/538.1 (KHTML, like Gecko) PhantomJS/2.1.1 Safari/538.1","webSecurityEnabled":false}
[INFO  - 2017-09-01T08:51:29.661Z] Session [bf0c1780-8ef2-11e7-a858-b11e4c6457c7] - page.customHeaders:  - {}
[INFO  - 2017-09-01T08:51:29.661Z] Session [bf0c1780-8ef2-11e7-a858-b11e4c6457c7] - Session.negotiatedCapabilities - {"browserName":"phantomjs","version":"2.1.1","driverName":"ghostdriver","driverVersion":"1.2.0","platform":"windows-7-32bit","javascriptEnabled":true,"takesScreenshot":false,"handlesAlerts":false,"databaseEnabled":false,"locationContextEnabled":false,"applicationCacheEnabled":false,"browserConnectionEnabled":false,"cssSelectorsEnabled":true,"webStorageEnabled":false,"rotatable":false,"acceptSslCerts":false,"nativeEvents":true,"proxy":{"proxyType":"direct"}}
[INFO  - 2017-09-01T08:51:29.661Z] SessionManagerReqHand - _postNewSessionCommand - New Session Created: bf0c1780-8ef2-11e7-a858-b11e4c6457c7
[INFO  - 2017-09-01T08:51:32.035Z] ShutdownReqHand - _handle - About to shutdown
[INFO  - 2017-09-01T08:52:23.894Z] GhostDriver - Main - running on port 6485
[INFO  - 2017-09-01T08:52:24.663Z] Session [dfd49410-8ef2-11e7-8c3c-cbee63695e03] - page.settings - {"XSSAuditingEnabled":false,"javascriptCanCloseWindows":true,"javascriptCanOpenWindows":true,"javascriptEnabled":true,"loadImages":true,"localToRemoteUrlAccessEnabled":false,"userAgent":"Mozilla/5.0 (Windows NT 6.1; WOW64) AppleWebKit/538.1 (KHTML, like Gecko) PhantomJS/2.1.1 Safari/538.1","webSecurityEnabled":false}
[INFO  - 2017-09-01T08:52:24.663Z] Session [dfd49410-8ef2-11e7-8c3c-cbee63695e03] - page.customHeaders:  - {}
[INFO  - 2017-09-01T08:52:24.663Z] Session [dfd49410-8ef2-11e7-8c3c-cbee63695e03] - Session.negotiatedCapabilities - {"browserName":"phantomjs","version":"2.1.1","driverName":"ghostdriver","driverVersion":"1.2.0","platform":"windows-7-32bit","javascriptEnabled":true,"takesScreenshot":false,"handlesAlerts":false,"databaseEnabled":false,"locationContextEnabled":false,"applicationCacheEnabled":false,"browserConnectionEnabled":false,"cssSelectorsEnabled":true,"webStorageEnabled":false,"rotatable":false,"acceptSslCerts":false,"nativeEvents":true,"proxy":{"proxyType":"direct"}}
[INFO  - 2017-09-01T08:52:24.663Z] SessionManagerReqHand - _postNewSessionCommand - New Session Created: dfd49410-8ef2-11e7-8c3c-cbee63695e03
[INFO  - 2017-09-01T08:52:28.304Z] ShutdownReqHand - _handle - About to shutdown
[INFO  - 2017-09-01T08:56:53.362Z] GhostDriver - Main - running on port 37931
[INFO  - 2017-09-01T08:56:53.797Z] Session [803f7910-8ef3-11e7-8601-fbf4f85d2487] - page.settings - {"XSSAuditingEnabled":false,"javascriptCanCloseWindows":true,"javascriptCanOpenWindows":true,"javascriptEnabled":true,"loadImages":true,"localToRemoteUrlAccessEnabled":false,"userAgent":"Mozilla/5.0 (Windows NT 6.1; WOW64) AppleWebKit/538.1 (KHTML, like Gecko) PhantomJS/2.1.1 Safari/538.1","webSecurityEnabled":false}
[INFO  - 2017-09-01T08:56:53.797Z] Session [803f7910-8ef3-11e7-8601-fbf4f85d2487] - page.customHeaders:  - {}
[INFO  - 2017-09-01T08:56:53.797Z] Session [803f7910-8ef3-11e7-8601-fbf4f85d2487] - Session.negotiatedCapabilities - {"browserName":"phantomjs","version":"2.1.1","driverName":"ghostdriver","driverVersion":"1.2.0","platform":"windows-7-32bit","javascriptEnabled":true,"takesScreenshot":false,"handlesAlerts":false,"databaseEnabled":false,"locationContextEnabled":false,"applicationCacheEnabled":false,"browserConnectionEnabled":false,"cssSelectorsEnabled":true,"webStorageEnabled":false,"rotatable":false,"acceptSslCerts":false,"nativeEvents":true,"proxy":{"proxyType":"direct"}}
[INFO  - 2017-09-01T08:56:53.798Z] SessionManagerReqHand - _postNewSessionCommand - New Session Created: 803f7910-8ef3-11e7-8601-fbf4f85d2487
[INFO  - 2017-09-01T09:01:53.357Z] SessionManagerReqHand - _cleanupWindowlessSessions - Asynchronous Sessions clean-up phase starting NOW
7-9968-0d8c2aba134c] - page.settings - {"XSSAuditingEnabled":false,"javascriptCanCloseWindows":true,"javascriptCanOpenWindows":true,"javascriptEnabled":true,"loadImages":true,"localToRemoteUrlAccessEnabled":false,"userAgent":"Mozilla/5.0 (Windows NT 6.1; WOW64) AppleWebKit/538.1 (KHTML, like Gecko) PhantomJS/2.1.1 Safari/538.1","webSecurityEnabled":false}
[INFO  - 2017-09-01T08:57:54.165Z] Session [a43abf00-8ef3-11e7-9968-0d8c2aba134c] - page.customHeaders:  - {}
[INFO  - 2017-09-01T08:57:54.165Z] Session [a43abf00-8ef3-11e7-9968-0d8c2aba134c] - Session.negotiatedCapabilities - {"browserName":"phantomjs","version":"2.1.1","driverName":"ghostdriver","driverVersion":"1.2.0","platform":"windows-7-32bit","javascriptEnabled":true,"takesScreenshot":false,"handlesAlerts":false,"databaseEnabled":false,"locationContextEnabled":false,"applicationCacheEnabled":false,"browserConnectionEnabled":false,"cssSelectorsEnabled":true,"webStorageEnabled":false,"rotatable":false,"acceptSslCerts":false,"nativeEvents":true,"proxy":{"proxyType":"direct"}}
[INFO  - 2017-09-01T08:57:54.165Z] SessionManagerReqHand - _postNewSessionCommand - New Session Created: a43abf00-8ef3-11e7-9968-0d8c2aba134c
[INFO  - 2017-09-01T08:57:56.696Z] ShutdownReqHand - _handle - About to shutdown
[INFO  - 2017-09-01T08:59:01.867Z] GhostDriver - Main - running on port 6453
[INFO  - 2017-09-01T08:59:02.697Z] Session [cd13e640-8ef3-11e7-93d7-1578d51dacbf] - page.settings - {"XSSAuditingEnabled":false,"javascriptCanCloseWindows":true,"javascriptCanOpenWindows":true,"javascriptEnabled":true,"loadImages":true,"localToRemoteUrlAccessEnabled":false,"userAgent":"Mozilla/5.0 (Windows NT 6.1; WOW64) AppleWebKit/538.1 (KHTML, like Gecko) PhantomJS/2.1.1 Safari/538.1","webSecurityEnabled":false}
[INFO  - 2017-09-01T08:59:02.697Z] Session [cd13e640-8ef3-11e7-93d7-1578d51dacbf] - page.customHeaders:  - {}
[INFO  - 2017-09-01T08:59:02.697Z] Session [cd13e640-8ef3-11e7-93d7-1578d51dacbf] - Session.negotiatedCapabilities - {"browserName":"phantomjs","version":"2.1.1","driverName":"ghostdriver","driverVersion":"1.2.0","platform":"windows-7-32bit","javascriptEnabled":true,"takesScreenshot":false,"handlesAlerts":false,"databaseEnabled":false,"locationContextEnabled":false,"applicationCacheEnabled":false,"browserConnectionEnabled":false,"cssSelectorsEnabled":true,"webStorageEnabled":false,"rotatable":false,"acceptSslCerts":false,"nativeEvents":true,"proxy":{"proxyType":"direct"}}
[INFO  - 2017-09-01T08:59:02.697Z] SessionManagerReqHand - _postNewSessionCommand - New Session Created: cd13e640-8ef3-11e7-93d7-1578d51dacbf
[INFO  - 2017-09-01T09:00:02.852Z] GhostDriver - Main - running on port 25978
[INFO  - 2017-09-01T09:00:03.556Z] Session [f15a3ef0-8ef3-11e7-8679-e166a1e34dde] - page.settings - {"XSSAuditingEnabled":false,"javascriptCanCloseWindows":true,"javascriptCanOpenWindows":true,"javascriptEnabled":true,"loadImages":true,"localToRemoteUrlAccessEnabled":false,"userAgent":"Mozilla/5.0 (Windows NT 6.1; WOW64) AppleWebKit/538.1 (KHTML, like Gecko) PhantomJS/2.1.1 Safari/538.1","webSecurityEnabled":false}
[INFO  - 2017-09-01T09:00:03.556Z] Session [f15a3ef0-8ef3-11e7-8679-e166a1e34dde] - page.customHeaders:  - {}
[INFO  - 2017-09-01T09:00:03.557Z] Session [f15a3ef0-8ef3-11e7-8679-e166a1e34dde] - Session.negotiatedCapabilities - {"browserName":"phantomjs","version":"2.1.1","driverName":"ghostdriver","driverVersion":"1.2.0","platform":"windows-7-32bit","javascriptEnabled":true,"takesScreenshot":false,"handlesAlerts":false,"databaseEnabled":false,"locationContextEnabled":false,"applicationCacheEnabled":false,"browserConnectionEnabled":false,"cssSelectorsEnabled":true,"webStorageEnabled":false,"rotatable":false,"acceptSslCerts":false,"nativeEvents":true,"proxy":{"proxyType":"direct"}}
[INFO  - 2017-09-01T09:00:03.557Z] SessionManagerReqHand - _postNewSessionCommand - New Session Created: f15a3ef0-8ef3-11e7-8679-e166a1e34dde
